{"D:\\Programs\\React-Concepts\\react-testing\\src\\Hello.tsx": {"path":"D:\\Programs\\React-Concepts\\react-testing\\src\\Hello.tsx","statementMap":{"0":{"start":{"line":3,"column":2},"end":{"line":3,"column":null}}},"fnMap":{"0":{"name":"Hello","decl":{"start":{"line":2,"column":16},"end":{"line":2,"column":24}},"loc":{"start":{"line":2,"column":24},"end":{"line":4,"column":null}},"line":2}},"branchMap":{},"s":{"0":1},"f":{"0":1},"b":{},"meta":{"lastBranch":0,"lastFunction":1,"lastStatement":1,"seen":{"f:2:16:2:24":0,"s:3:2:3:Infinity":0}}}
,"D:\\Programs\\React-Concepts\\react-testing\\src\\components\\Greet.tsx": {"path":"D:\\Programs\\React-Concepts\\react-testing\\src\\components\\Greet.tsx","statementMap":{"0":{"start":{"line":8,"column":2},"end":{"line":9,"column":null}}},"fnMap":{"0":{"name":"Greet","decl":{"start":{"line":7,"column":9},"end":{"line":7,"column":15}},"loc":{"start":{"line":7,"column":36},"end":{"line":11,"column":null}},"line":7}},"branchMap":{"0":{"loc":{"start":{"line":9,"column":13},"end":{"line":9,"column":30}},"type":"cond-expr","locations":[{"start":{"line":9,"column":20},"end":{"line":9,"column":27}},{"start":{"line":9,"column":27},"end":{"line":9,"column":30}}],"line":9}},"s":{"0":3},"f":{"0":3},"b":{"0":[1,2]},"meta":{"lastBranch":1,"lastFunction":1,"lastStatement":1,"seen":{"f:7:9:7:15":0,"s:8:2:9:Infinity":0,"b:9:20:9:27:9:27:9:30":0}}}
}
